Using pre-set license

 COMMAND LINE ARGUMENTS:
/Applications/Unity/Hub/Editor/2020.3.12f1/Unity.app/Contents/MacOS/Unity
-adb2
-batchMode
-noUpm
-name
AssetImportWorker0
-projectPath
/Users/behnamjafari/workspace/Hourly
-logFile
Logs/AssetImportWorker0.log
-srvPort
49266
Successfully changed project path to: /Users/behnamjafari/workspace/Hourly
/Users/behnamjafari/workspace/Hourly
Using Asset Import Pipeline V2.
Refreshing native plugins compatible for Editor in 51.78 ms, found 3 plugins.
Preloading 0 native plugins for Editor in 0.00 ms.
Initialize engine version: 2020.3.12f1 (b3b2c6512326)
[Subsystems] Discovering subsystems at path /Applications/Unity/Hub/Editor/2020.3.12f1/Unity.app/Contents/Resources/UnitySubsystems
[Subsystems] Discovering subsystems at path /Users/behnamjafari/workspace/Hourly/Assets
GfxDevice: creating device client; threaded=0
2021-07-08 12:30:24.583 Unity[6997:6652553] Color LCD preferred device: AMD Radeon Pro 560X (high power)
2021-07-08 12:30:24.583 Unity[6997:6652553] Metal devices available: 2
2021-07-08 12:30:24.583 Unity[6997:6652553] 0: AMD Radeon Pro 560X (high power)
2021-07-08 12:30:24.583 Unity[6997:6652553] 1: Intel(R) UHD Graphics 630 (low power)
2021-07-08 12:30:24.583 Unity[6997:6652553] Using device AMD Radeon Pro 560X (high power)
Initializing Metal device caps: AMD Radeon Pro 560X
Initialize mono
Mono path[0] = '/Applications/Unity/Hub/Editor/2020.3.12f1/Unity.app/Contents/Managed'
Mono path[1] = '/Applications/Unity/Hub/Editor/2020.3.12f1/Unity.app/Contents/MonoBleedingEdge/lib/mono/unityjit'
Mono config path = '/Applications/Unity/Hub/Editor/2020.3.12f1/Unity.app/Contents/MonoBleedingEdge/etc'
Using monoOptions --debugger-agent=transport=dt_socket,embedding=1,server=y,suspend=n,address=127.0.0.1:56997
Begin MonoManager ReloadAssembly
Registering precompiled unity dll's ...
Register platform support module: /Applications/Unity/Hub/Editor/2020.3.12f1/Unity.app/Contents/PlaybackEngines/MacStandaloneSupport/UnityEditor.OSXStandalone.Extensions.dll
Registered in 0.000540 seconds.
Native extension for OSXStandalone target not found
Refreshing native plugins compatible for Editor in 72.71 ms, found 3 plugins.
Preloading 0 native plugins for Editor in 0.00 ms.
Mono: successfully reloaded assembly
- Completed reload, in  2.233 seconds
Platform modules already initialized, skipping
Registering precompiled user dll's ...
Registered in 0.003768 seconds.
Begin MonoManager ReloadAssembly
Native extension for OSXStandalone target not found
Refreshing native plugins compatible for Editor in 36.44 ms, found 3 plugins.
Preloading 0 native plugins for Editor in 0.00 ms.
Mono: successfully reloaded assembly
- Completed reload, in  1.329 seconds
Platform modules already initialized, skipping
========================================================================
Worker process is ready to serve import requests
Launching external process: /Applications/Unity/Hub/Editor/2020.3.12f1/Unity.app/Contents/Tools/UnityShaderCompiler
Launched and connected shader compiler UnityShaderCompiler after 0.01 seconds
Refreshing native plugins compatible for Editor in 0.41 ms, found 3 plugins.
Preloading 0 native plugins for Editor in 0.00 ms.
Unloading 2104 Unused Serialized files (Serialized files now loaded: 0)
System memory in use before: 171.5 MB.
System memory in use after: 171.5 MB.

Unloading 33 unused Assets to reduce memory usage. Loaded Objects now: 2536.
Total: 2.506866 ms (FindLiveObjects: 0.214974 ms CreateObjectMapping: 0.097953 ms MarkObjects: 2.051767 ms  DeleteObjects: 0.141304 ms)

AssetImportParameters requested are different than current active one (requested -> active):
  custom:video-decoder-ogg-theora: a1e56fd34408186e4bbccfd4996cb3dc -> 
  custom:container-muxer-webm: aa71ff27fc2769a1b78a27578f13a17b -> 
  custom:container-demuxer-webm: 4f35f7cbe854078d1ac9338744f61a02 -> 
  custom:container-demuxer-ogg: 62fdf1f143b41e24485cea50d1cbac27 -> 
  custom:video-encoder-webm-vp8: eb34c28f22e8b96e1ab97ce403110664 -> 
  custom:framework-osx-AVFoundation: e770b220cccbd017edd2c1fefb359320 -> 
  custom:video-decoder-webm-vp8: 9c59270c3fd7afecdb556c50c9e8de78 -> 
  custom:audio-decoder-ogg-vorbis: bf7c407c2cedff20999df2af8eb42d56 -> 
  custom:audio-encoder-webm-vorbis: bf7c407c2cedff20999df2af8eb42d56 -> 
========================================================================
Received Import Request.
  path: Assets/ExternalAssets
  artifactKey: Guid(151dfd6ca5a3f4e8682898a1445d14f1) Importer(815301076,1909f56bfc062723c751e8b465ee728b)
Start importing Assets/ExternalAssets using Guid(151dfd6ca5a3f4e8682898a1445d14f1) Importer(815301076,1909f56bfc062723c751e8b465ee728b)  -> (artifact id: 'cd77156d78fcac38d6681dbb84efa273') in 0.004126 seconds 
  Import took 0.007383 seconds .

========================================================================
Received Prepare
Registering precompiled user dll's ...
Registered in 0.001950 seconds.
Begin MonoManager ReloadAssembly
Native extension for OSXStandalone target not found
Refreshing native plugins compatible for Editor in 0.43 ms, found 3 plugins.
Preloading 0 native plugins for Editor in 0.00 ms.
Mono: successfully reloaded assembly
- Completed reload, in  1.310 seconds
Platform modules already initialized, skipping
Switching build target platform(2) subTarget(0) extendedPlatform(0) -> platform(13) subTarget(537395200) extendedPlatform(0)
Refreshing native plugins compatible for Editor in 0.40 ms, found 3 plugins.
Preloading 0 native plugins for Editor in 0.00 ms.
Unloading 2102 Unused Serialized files (Serialized files now loaded: 0)
System memory in use before: 171.6 MB.
System memory in use after: 171.6 MB.

Unloading 21 unused Assets to reduce memory usage. Loaded Objects now: 2540.
Total: 2.327244 ms (FindLiveObjects: 0.189145 ms CreateObjectMapping: 0.076414 ms MarkObjects: 1.958583 ms  DeleteObjects: 0.102129 ms)

AssetImportParameters requested are different than current active one (requested -> active):
  custom:video-decoder-ogg-theora: a1e56fd34408186e4bbccfd4996cb3dc -> 
  custom:container-muxer-webm: aa71ff27fc2769a1b78a27578f13a17b -> 
  custom:container-demuxer-webm: 4f35f7cbe854078d1ac9338744f61a02 -> 
  custom:container-demuxer-ogg: 62fdf1f143b41e24485cea50d1cbac27 -> 
  custom:video-encoder-webm-vp8: eb34c28f22e8b96e1ab97ce403110664 -> 
  custom:framework-osx-AVFoundation: e770b220cccbd017edd2c1fefb359320 -> 
  custom:video-decoder-webm-vp8: 9c59270c3fd7afecdb556c50c9e8de78 -> 
  custom:graphics/normal-map-encoding: 01000000000000000000000000000000 -> 02000000000000000000000000000000
  custom:audio-decoder-ogg-vorbis: bf7c407c2cedff20999df2af8eb42d56 -> 
  custom:audio-encoder-webm-vorbis: bf7c407c2cedff20999df2af8eb42d56 -> 
========================================================================
Received Import Request.
  Time since last request: 23.935460 seconds.
  path: Assets/HierarchyDecorator
  artifactKey: Guid(66eb7ccc7199042629aa901b35cad570) Importer(815301076,1909f56bfc062723c751e8b465ee728b)
Start importing Assets/HierarchyDecorator using Guid(66eb7ccc7199042629aa901b35cad570) Importer(815301076,1909f56bfc062723c751e8b465ee728b)  -> (artifact id: '7ebbd5cc6301d354c377d7a7e7c2148f') in 0.005778 seconds 
  Import took 0.012085 seconds .

========================================================================
Received Import Request.
  Time since last request: 1.749641 seconds.
  path: Assets/HierarchyDecorator/Settings.asset
  artifactKey: Guid(948ec4620e2354e8ca2e8197290ef95d) Importer(815301076,1909f56bfc062723c751e8b465ee728b)
Start importing Assets/HierarchyDecorator/Settings.asset using Guid(948ec4620e2354e8ca2e8197290ef95d) Importer(815301076,1909f56bfc062723c751e8b465ee728b)  -> (artifact id: 'e6687f3faca2339d89d13fec661067b3') in 1.423779 seconds 
  Import took 1.427794 seconds .

========================================================================
Received Import Request.
  Time since last request: 7.670150 seconds.
  path: Assets/ExternalAssets/HierarchyDecorator
  artifactKey: Guid(d4f8ebd403e304334b8797dff3ff5657) Importer(815301076,1909f56bfc062723c751e8b465ee728b)
Start importing Assets/ExternalAssets/HierarchyDecorator using Guid(d4f8ebd403e304334b8797dff3ff5657) Importer(815301076,1909f56bfc062723c751e8b465ee728b)  -> (artifact id: 'bccd609bf6ec4ce617d65d801cddf4cb') in 0.001631 seconds 
  Import took 0.008571 seconds .

========================================================================
Received Import Request.
  Time since last request: 1.416975 seconds.
  path: Assets/ExternalAssets/HierarchyDecorator/Example Scenes
  artifactKey: Guid(5e0e4f0662337944887febb503b2a52b) Importer(815301076,1909f56bfc062723c751e8b465ee728b)
Start importing Assets/ExternalAssets/HierarchyDecorator/Example Scenes using Guid(5e0e4f0662337944887febb503b2a52b) Importer(815301076,1909f56bfc062723c751e8b465ee728b)  -> (artifact id: '96d3964d845e56c0f81935ef97b48ff6') in 0.001005 seconds 
  Import took 0.005719 seconds .

========================================================================
Received Prepare
Registering precompiled user dll's ...
Registered in 0.004637 seconds.
Begin MonoManager ReloadAssembly
Native extension for OSXStandalone target not found
Refreshing native plugins compatible for Editor in 0.55 ms, found 3 plugins.
Preloading 0 native plugins for Editor in 0.00 ms.
Mono: successfully reloaded assembly
- Completed reload, in  2.258 seconds
Platform modules already initialized, skipping
Switching build target platform(2) subTarget(0) extendedPlatform(0) -> platform(13) subTarget(537395200) extendedPlatform(0)
Refreshing native plugins compatible for Editor in 0.49 ms, found 3 plugins.
Preloading 0 native plugins for Editor in 0.00 ms.
Unloading 2102 Unused Serialized files (Serialized files now loaded: 0)
System memory in use before: 178.0 MB.
System memory in use after: 178.0 MB.

Unloading 21 unused Assets to reduce memory usage. Loaded Objects now: 2544.
Total: 2.581662 ms (FindLiveObjects: 0.256262 ms CreateObjectMapping: 0.098860 ms MarkObjects: 2.109803 ms  DeleteObjects: 0.115644 ms)

AssetImportParameters requested are different than current active one (requested -> active):
  custom:video-decoder-ogg-theora: a1e56fd34408186e4bbccfd4996cb3dc -> 
  custom:container-muxer-webm: aa71ff27fc2769a1b78a27578f13a17b -> 
  custom:container-demuxer-webm: 4f35f7cbe854078d1ac9338744f61a02 -> 
  custom:container-demuxer-ogg: 62fdf1f143b41e24485cea50d1cbac27 -> 
  custom:video-encoder-webm-vp8: eb34c28f22e8b96e1ab97ce403110664 -> 
  custom:framework-osx-AVFoundation: e770b220cccbd017edd2c1fefb359320 -> 
  custom:video-decoder-webm-vp8: 9c59270c3fd7afecdb556c50c9e8de78 -> 
  custom:graphics/normal-map-encoding: 01000000000000000000000000000000 -> 02000000000000000000000000000000
  custom:audio-decoder-ogg-vorbis: bf7c407c2cedff20999df2af8eb42d56 -> 
  custom:audio-encoder-webm-vorbis: bf7c407c2cedff20999df2af8eb42d56 -> 
========================================================================
Received Import Request.
  Time since last request: 111.032245 seconds.
  path: Assets/Scripts
  artifactKey: Guid(6a3f6e07c6b5247e780e1591c3539a70) Importer(815301076,1909f56bfc062723c751e8b465ee728b)
Start importing Assets/Scripts using Guid(6a3f6e07c6b5247e780e1591c3539a70) Importer(815301076,1909f56bfc062723c751e8b465ee728b)  -> (artifact id: '717b3e8147100148770da2c285f861a4') in 0.006332 seconds 
  Import took 0.010140 seconds .

========================================================================
Received Import Request.
  Time since last request: 5.359342 seconds.
  path: Assets/Scripts/Managers
  artifactKey: Guid(d7df8308f21244cd5b11dfbffe7dce2f) Importer(815301076,1909f56bfc062723c751e8b465ee728b)
Start importing Assets/Scripts/Managers using Guid(d7df8308f21244cd5b11dfbffe7dce2f) Importer(815301076,1909f56bfc062723c751e8b465ee728b)  -> (artifact id: '683598b047d8dcaf3dd482368cb87baf') in 0.001705 seconds 
  Import took 0.005577 seconds .

========================================================================
Received Import Request.
  Time since last request: 13.393618 seconds.
  path: Assets/Scripts/Models
  artifactKey: Guid(bf5deb70fb40c4cedacd733168cf280d) Importer(815301076,1909f56bfc062723c751e8b465ee728b)
Start importing Assets/Scripts/Models using Guid(bf5deb70fb40c4cedacd733168cf280d) Importer(815301076,1909f56bfc062723c751e8b465ee728b)  -> (artifact id: '7a993b4f472336f6df7756c715eef9db') in 0.001770 seconds 
  Import took 0.005691 seconds .

========================================================================
Received Import Request.
  Time since last request: 71.611101 seconds.
  path: Assets/Scenes/SampleScene.unity
  artifactKey: Guid(2cda990e2423bbf4892e6590ba056729) Importer(815301076,1909f56bfc062723c751e8b465ee728b)
Start importing Assets/Scenes/SampleScene.unity using Guid(2cda990e2423bbf4892e6590ba056729) Importer(815301076,1909f56bfc062723c751e8b465ee728b)  -> (artifact id: 'aa27944bdea339c97c39027c7eea529c') in 0.012625 seconds 
  Import took 0.016296 seconds .

========================================================================
Received Import Request.
  Time since last request: 0.001372 seconds.
  path: Assets/Scenes/SampleScene.unity
  artifactKey: Guid(2cda990e2423bbf4892e6590ba056729) Importer(815301076,1909f56bfc062723c751e8b465ee728b)
Start importing Assets/Scenes/SampleScene.unity using Guid(2cda990e2423bbf4892e6590ba056729) Importer(815301076,1909f56bfc062723c751e8b465ee728b)  -> (artifact id: 'aa27944bdea339c97c39027c7eea529c') in 0.001186 seconds 
  Import took 0.004763 seconds .

========================================================================
Received Import Request.
  Time since last request: 6.278746 seconds.
  path: Assets/Scenes/Main.unity
  artifactKey: Guid(2cda990e2423bbf4892e6590ba056729) Importer(815301076,1909f56bfc062723c751e8b465ee728b)
Start importing Assets/Scenes/Main.unity using Guid(2cda990e2423bbf4892e6590ba056729) Importer(815301076,1909f56bfc062723c751e8b465ee728b)  -> (artifact id: '2063302bb151951eba0362b8067fa1a0') in 0.001461 seconds 
  Import took 0.005681 seconds .

========================================================================
Received Import Request.
  Time since last request: 340.856232 seconds.
  path: Assets/HierarchyDecorator/Settings.asset
  artifactKey: Guid(948ec4620e2354e8ca2e8197290ef95d) Importer(815301076,1909f56bfc062723c751e8b465ee728b)
Start importing Assets/HierarchyDecorator/Settings.asset using Guid(948ec4620e2354e8ca2e8197290ef95d) Importer(815301076,1909f56bfc062723c751e8b465ee728b)  -> (artifact id: '6fe11b0a20349a8da027732098669f8e') in 0.004649 seconds 
  Import took 0.008998 seconds .

========================================================================
Received Import Request.
  Time since last request: 10.505534 seconds.
  path: Assets/Prefabs
  artifactKey: Guid(8e61d312086dc42ff8aa63e5dc7442ef) Importer(815301076,1909f56bfc062723c751e8b465ee728b)
Start importing Assets/Prefabs using Guid(8e61d312086dc42ff8aa63e5dc7442ef) Importer(815301076,1909f56bfc062723c751e8b465ee728b)  -> (artifact id: 'f5158c30b7c210eb01e90174562e82ea') in 0.001615 seconds 
  Import took 0.005488 seconds .

========================================================================
Received Import Request.
  Time since last request: 8.029149 seconds.
  path: Assets/Prefabs/UI
  artifactKey: Guid(00d588cc5b71d407283a2d4f4f30b3b1) Importer(815301076,1909f56bfc062723c751e8b465ee728b)
Start importing Assets/Prefabs/UI using Guid(00d588cc5b71d407283a2d4f4f30b3b1) Importer(815301076,1909f56bfc062723c751e8b465ee728b)  -> (artifact id: '786e57e79d8389bdbe5603e61a887120') in 0.001738 seconds 
  Import took 0.005620 seconds .

========================================================================
Received Import Request.
  Time since last request: 2.261332 seconds.
  path: Assets/Prefabs/UI/Task.prefab
  artifactKey: Guid(284ca4af329ee4c339444f8894d807f5) Importer(815301076,1909f56bfc062723c751e8b465ee728b)
Start importing Assets/Prefabs/UI/Task.prefab using Guid(284ca4af329ee4c339444f8894d807f5) Importer(815301076,1909f56bfc062723c751e8b465ee728b)  -> (artifact id: 'cb8022113ebe6eb1ed7fd405fe949d8c') in 1.303250 seconds 
  Import took 1.306877 seconds .

========================================================================
Received Import Request.
  Time since last request: 444.989315 seconds.
  path: Assets/Scripts/Models/Task.cs
  artifactKey: Guid(3e1abc17d66e54f7d80d97d4abe96115) Importer(815301076,1909f56bfc062723c751e8b465ee728b)
Start importing Assets/Scripts/Models/Task.cs using Guid(3e1abc17d66e54f7d80d97d4abe96115) Importer(815301076,1909f56bfc062723c751e8b465ee728b)  -> (artifact id: '23ed6c342aa580f4add50051168ec2a4') in 1.022518 seconds 
  Import took 1.026127 seconds .

========================================================================
Received Prepare
Registering precompiled user dll's ...
Registered in 0.004423 seconds.
Begin MonoManager ReloadAssembly
Native extension for OSXStandalone target not found
Refreshing native plugins compatible for Editor in 0.55 ms, found 3 plugins.
Preloading 0 native plugins for Editor in 0.00 ms.
Mono: successfully reloaded assembly
- Completed reload, in  1.285 seconds
Platform modules already initialized, skipping
Switching build target platform(2) subTarget(0) extendedPlatform(0) -> platform(13) subTarget(537395200) extendedPlatform(0)
Refreshing native plugins compatible for Editor in 0.63 ms, found 3 plugins.
Preloading 0 native plugins for Editor in 0.00 ms.
Unloading 2116 Unused Serialized files (Serialized files now loaded: 0)
System memory in use before: 188.6 MB.
System memory in use after: 188.0 MB.

Unloading 34 unused Assets to reduce memory usage. Loaded Objects now: 2549.
Total: 3.057365 ms (FindLiveObjects: 0.301543 ms CreateObjectMapping: 0.123671 ms MarkObjects: 2.181436 ms  DeleteObjects: 0.449276 ms)

AssetImportParameters requested are different than current active one (requested -> active):
  custom:video-decoder-ogg-theora: a1e56fd34408186e4bbccfd4996cb3dc -> 
  custom:container-muxer-webm: aa71ff27fc2769a1b78a27578f13a17b -> 
  custom:container-demuxer-webm: 4f35f7cbe854078d1ac9338744f61a02 -> 
  custom:container-demuxer-ogg: 62fdf1f143b41e24485cea50d1cbac27 -> 
  custom:video-encoder-webm-vp8: eb34c28f22e8b96e1ab97ce403110664 -> 
  custom:framework-osx-AVFoundation: e770b220cccbd017edd2c1fefb359320 -> 
  custom:video-decoder-webm-vp8: 9c59270c3fd7afecdb556c50c9e8de78 -> 
  custom:graphics/normal-map-encoding: 01000000000000000000000000000000 -> 02000000000000000000000000000000
  custom:audio-decoder-ogg-vorbis: bf7c407c2cedff20999df2af8eb42d56 -> 
  custom:audio-encoder-webm-vorbis: bf7c407c2cedff20999df2af8eb42d56 -> 
========================================================================
Received Import Request.
  Time since last request: 110.600921 seconds.
  path: Assets/Scripts/UI
  artifactKey: Guid(8eb2033e8485c491eaf5829d92fed882) Importer(815301076,1909f56bfc062723c751e8b465ee728b)
Start importing Assets/Scripts/UI using Guid(8eb2033e8485c491eaf5829d92fed882) Importer(815301076,1909f56bfc062723c751e8b465ee728b)  -> (artifact id: 'b4ebd1d48c19ab15c7ebddad4f2f68ed') in 0.005902 seconds 
  Import took 0.009522 seconds .

========================================================================
Received Import Request.
  Time since last request: 12.103609 seconds.
  path: Assets/Scripts/Models/UI
  artifactKey: Guid(12b3d2a299856452caec598df5d6d5a7) Importer(815301076,1909f56bfc062723c751e8b465ee728b)
Start importing Assets/Scripts/Models/UI using Guid(12b3d2a299856452caec598df5d6d5a7) Importer(815301076,1909f56bfc062723c751e8b465ee728b)  -> (artifact id: 'aec172868cd629c9caeff9df960ee6cc') in 0.001313 seconds 
  Import took 0.005137 seconds .

========================================================================
Received Import Request.
  Time since last request: 10.262767 seconds.
  path: Assets/Scripts/Models/UI/CustomText.cs
  artifactKey: Guid(c416a8a4758614fca827dc17c48a835f) Importer(815301076,1909f56bfc062723c751e8b465ee728b)
Start importing Assets/Scripts/Models/UI/CustomText.cs using Guid(c416a8a4758614fca827dc17c48a835f) Importer(815301076,1909f56bfc062723c751e8b465ee728b)  -> (artifact id: '3c3a81f9e712c1763de79448630fa316') in 0.004156 seconds 
  Import took 0.008938 seconds .

========================================================================
Received Import Request.
  Time since last request: 94.464928 seconds.
  path: Assets/Scripts/Models/UI/CustomText.cs
  artifactKey: Guid(c416a8a4758614fca827dc17c48a835f) Importer(815301076,1909f56bfc062723c751e8b465ee728b)
Start importing Assets/Scripts/Models/UI/CustomText.cs using Guid(c416a8a4758614fca827dc17c48a835f) Importer(815301076,1909f56bfc062723c751e8b465ee728b)  -> (artifact id: '3e9ddd56d446ab6661229312d1211d41') in 0.001844 seconds 
  Import took 0.005782 seconds .

========================================================================
Received Prepare
Registering precompiled user dll's ...
Registered in 0.002209 seconds.
Begin MonoManager ReloadAssembly
Native extension for OSXStandalone target not found
Refreshing native plugins compatible for Editor in 0.45 ms, found 3 plugins.
Preloading 0 native plugins for Editor in 0.00 ms.
Mono: successfully reloaded assembly
- Completed reload, in  1.335 seconds
Platform modules already initialized, skipping
Switching build target platform(2) subTarget(0) extendedPlatform(0) -> platform(13) subTarget(537395200) extendedPlatform(0)
Refreshing native plugins compatible for Editor in 0.43 ms, found 3 plugins.
Preloading 0 native plugins for Editor in 0.00 ms.
Unloading 2117 Unused Serialized files (Serialized files now loaded: 0)
System memory in use before: 188.9 MB.
System memory in use after: 188.3 MB.

Unloading 34 unused Assets to reduce memory usage. Loaded Objects now: 2554.
Total: 2.577773 ms (FindLiveObjects: 0.207032 ms CreateObjectMapping: 0.086641 ms MarkObjects: 1.866289 ms  DeleteObjects: 0.416719 ms)

AssetImportParameters requested are different than current active one (requested -> active):
  custom:video-decoder-ogg-theora: a1e56fd34408186e4bbccfd4996cb3dc -> 
  custom:container-muxer-webm: aa71ff27fc2769a1b78a27578f13a17b -> 
  custom:container-demuxer-webm: 4f35f7cbe854078d1ac9338744f61a02 -> 
  custom:container-demuxer-ogg: 62fdf1f143b41e24485cea50d1cbac27 -> 
  custom:video-encoder-webm-vp8: eb34c28f22e8b96e1ab97ce403110664 -> 
  custom:framework-osx-AVFoundation: e770b220cccbd017edd2c1fefb359320 -> 
  custom:video-decoder-webm-vp8: 9c59270c3fd7afecdb556c50c9e8de78 -> 
  custom:graphics/normal-map-encoding: 01000000000000000000000000000000 -> 02000000000000000000000000000000
  custom:audio-decoder-ogg-vorbis: bf7c407c2cedff20999df2af8eb42d56 -> 
  custom:audio-encoder-webm-vorbis: bf7c407c2cedff20999df2af8eb42d56 -> 
========================================================================
Received Import Request.
  Time since last request: 18.147954 seconds.
  path: Assets/Scripts/Models/Tas
  artifactKey: Guid(540af78ff2db947769fba7917abae0b8) Importer(815301076,1909f56bfc062723c751e8b465ee728b)
Start importing Assets/Scripts/Models/Tas using Guid(540af78ff2db947769fba7917abae0b8) Importer(815301076,1909f56bfc062723c751e8b465ee728b)  -> (artifact id: '301026b32d695eec5b2e230cc340f2aa') in 0.005643 seconds 
  Import took 0.009505 seconds .

========================================================================
Received Import Request.
  Time since last request: 1.747068 seconds.
  path: Assets/Scripts/Models/Task
  artifactKey: Guid(540af78ff2db947769fba7917abae0b8) Importer(815301076,1909f56bfc062723c751e8b465ee728b)
Start importing Assets/Scripts/Models/Task using Guid(540af78ff2db947769fba7917abae0b8) Importer(815301076,1909f56bfc062723c751e8b465ee728b)  -> (artifact id: 'db9da6d6c3aaba6d04a5e9adbb092642') in 0.001124 seconds 
  Import took 0.004763 seconds .

========================================================================
Received Prepare
Registering precompiled user dll's ...
Registered in 0.001890 seconds.
Begin MonoManager ReloadAssembly
Native extension for OSXStandalone target not found
Refreshing native plugins compatible for Editor in 0.40 ms, found 3 plugins.
Preloading 0 native plugins for Editor in 0.00 ms.
Mono: successfully reloaded assembly
- Completed reload, in  1.225 seconds
Platform modules already initialized, skipping
Switching build target platform(2) subTarget(0) extendedPlatform(0) -> platform(13) subTarget(537395200) extendedPlatform(0)
Refreshing native plugins compatible for Editor in 0.41 ms, found 3 plugins.
Preloading 0 native plugins for Editor in 0.00 ms.
Unloading 2117 Unused Serialized files (Serialized files now loaded: 0)
System memory in use before: 189.1 MB.
System memory in use after: 188.4 MB.

Unloading 34 unused Assets to reduce memory usage. Loaded Objects now: 2558.
Total: 2.595257 ms (FindLiveObjects: 0.243909 ms CreateObjectMapping: 0.092726 ms MarkObjects: 1.843418 ms  DeleteObjects: 0.414363 ms)

AssetImportParameters requested are different than current active one (requested -> active):
  custom:video-decoder-ogg-theora: a1e56fd34408186e4bbccfd4996cb3dc -> 
  custom:container-muxer-webm: aa71ff27fc2769a1b78a27578f13a17b -> 
  custom:container-demuxer-webm: 4f35f7cbe854078d1ac9338744f61a02 -> 
  custom:container-demuxer-ogg: 62fdf1f143b41e24485cea50d1cbac27 -> 
  custom:video-encoder-webm-vp8: eb34c28f22e8b96e1ab97ce403110664 -> 
  custom:framework-osx-AVFoundation: e770b220cccbd017edd2c1fefb359320 -> 
  custom:video-decoder-webm-vp8: 9c59270c3fd7afecdb556c50c9e8de78 -> 
  custom:graphics/normal-map-encoding: 01000000000000000000000000000000 -> 02000000000000000000000000000000
  custom:audio-decoder-ogg-vorbis: bf7c407c2cedff20999df2af8eb42d56 -> 
  custom:audio-encoder-webm-vorbis: bf7c407c2cedff20999df2af8eb42d56 -> 
========================================================================
Received Prepare
Registering precompiled user dll's ...
Registered in 0.001958 seconds.
Begin MonoManager ReloadAssembly
Native extension for OSXStandalone target not found
Refreshing native plugins compatible for Editor in 0.40 ms, found 3 plugins.
Preloading 0 native plugins for Editor in 0.00 ms.
Mono: successfully reloaded assembly
- Completed reload, in  1.263 seconds
Platform modules already initialized, skipping
Switching build target platform(2) subTarget(0) extendedPlatform(0) -> platform(13) subTarget(537395200) extendedPlatform(0)
Refreshing native plugins compatible for Editor in 0.47 ms, found 3 plugins.
Preloading 0 native plugins for Editor in 0.00 ms.
Unloading 2117 Unused Serialized files (Serialized files now loaded: 0)
System memory in use before: 189.3 MB.
System memory in use after: 188.6 MB.

Unloading 34 unused Assets to reduce memory usage. Loaded Objects now: 2562.
Total: 3.029487 ms (FindLiveObjects: 0.301265 ms CreateObjectMapping: 0.122156 ms MarkObjects: 2.126550 ms  DeleteObjects: 0.478597 ms)

AssetImportParameters requested are different than current active one (requested -> active):
  custom:video-decoder-ogg-theora: a1e56fd34408186e4bbccfd4996cb3dc -> 
  custom:container-muxer-webm: aa71ff27fc2769a1b78a27578f13a17b -> 
  custom:container-demuxer-webm: 4f35f7cbe854078d1ac9338744f61a02 -> 
  custom:container-demuxer-ogg: 62fdf1f143b41e24485cea50d1cbac27 -> 
  custom:video-encoder-webm-vp8: eb34c28f22e8b96e1ab97ce403110664 -> 
  custom:framework-osx-AVFoundation: e770b220cccbd017edd2c1fefb359320 -> 
  custom:video-decoder-webm-vp8: 9c59270c3fd7afecdb556c50c9e8de78 -> 
  custom:graphics/normal-map-encoding: 01000000000000000000000000000000 -> 02000000000000000000000000000000
  custom:audio-decoder-ogg-vorbis: bf7c407c2cedff20999df2af8eb42d56 -> 
  custom:audio-encoder-webm-vorbis: bf7c407c2cedff20999df2af8eb42d56 -> 
========================================================================
Received Import Request.
  Time since last request: 23.289612 seconds.
  path: Assets/Scripts/Models/TasksList.cs
  artifactKey: Guid(2d6d9c3bd49c44edba921bc415f307de) Importer(815301076,1909f56bfc062723c751e8b465ee728b)
Start importing Assets/Scripts/Models/TasksList.cs using Guid(2d6d9c3bd49c44edba921bc415f307de) Importer(815301076,1909f56bfc062723c751e8b465ee728b)  -> (artifact id: 'da2bde746d968345f8ece44034caad05') in 0.013764 seconds 
  Import took 0.020848 seconds .

========================================================================
Received Import Request.
  Time since last request: 0.002061 seconds.
  path: Assets/Scripts/Models/TasksList.cs
  artifactKey: Guid(2d6d9c3bd49c44edba921bc415f307de) Importer(815301076,1909f56bfc062723c751e8b465ee728b)
Start importing Assets/Scripts/Models/TasksList.cs using Guid(2d6d9c3bd49c44edba921bc415f307de) Importer(815301076,1909f56bfc062723c751e8b465ee728b)  -> (artifact id: 'da2bde746d968345f8ece44034caad05') in 0.001905 seconds 
  Import took 0.006044 seconds .

========================================================================
Received Prepare
Registering precompiled user dll's ...
Registered in 0.004603 seconds.
Begin MonoManager ReloadAssembly
Native extension for OSXStandalone target not found
Refreshing native plugins compatible for Editor in 0.40 ms, found 3 plugins.
Preloading 0 native plugins for Editor in 0.00 ms.
Mono: successfully reloaded assembly
- Completed reload, in  1.260 seconds
Platform modules already initialized, skipping
Switching build target platform(2) subTarget(0) extendedPlatform(0) -> platform(13) subTarget(537395200) extendedPlatform(0)
Refreshing native plugins compatible for Editor in 0.39 ms, found 3 plugins.
Preloading 0 native plugins for Editor in 0.00 ms.
Unloading 2118 Unused Serialized files (Serialized files now loaded: 0)
System memory in use before: 189.5 MB.
System memory in use after: 188.9 MB.

Unloading 34 unused Assets to reduce memory usage. Loaded Objects now: 2567.
Total: 2.407404 ms (FindLiveObjects: 0.190414 ms CreateObjectMapping: 0.075592 ms MarkObjects: 1.748438 ms  DeleteObjects: 0.392256 ms)

AssetImportParameters requested are different than current active one (requested -> active):
  custom:video-decoder-ogg-theora: a1e56fd34408186e4bbccfd4996cb3dc -> 
  custom:container-muxer-webm: aa71ff27fc2769a1b78a27578f13a17b -> 
  custom:container-demuxer-webm: 4f35f7cbe854078d1ac9338744f61a02 -> 
  custom:container-demuxer-ogg: 62fdf1f143b41e24485cea50d1cbac27 -> 
  custom:video-encoder-webm-vp8: eb34c28f22e8b96e1ab97ce403110664 -> 
  custom:framework-osx-AVFoundation: e770b220cccbd017edd2c1fefb359320 -> 
  custom:video-decoder-webm-vp8: 9c59270c3fd7afecdb556c50c9e8de78 -> 
  custom:graphics/normal-map-encoding: 01000000000000000000000000000000 -> 02000000000000000000000000000000
  custom:audio-decoder-ogg-vorbis: bf7c407c2cedff20999df2af8eb42d56 -> 
  custom:audio-encoder-webm-vorbis: bf7c407c2cedff20999df2af8eb42d56 -> 
========================================================================
Received Prepare
Registering precompiled user dll's ...
Registered in 0.002050 seconds.
Begin MonoManager ReloadAssembly
Native extension for OSXStandalone target not found
Refreshing native plugins compatible for Editor in 0.41 ms, found 3 plugins.
Preloading 0 native plugins for Editor in 0.00 ms.
Mono: successfully reloaded assembly
- Completed reload, in  1.342 seconds
Platform modules already initialized, skipping
Switching build target platform(2) subTarget(0) extendedPlatform(0) -> platform(13) subTarget(537395200) extendedPlatform(0)
Refreshing native plugins compatible for Editor in 0.46 ms, found 3 plugins.
Preloading 0 native plugins for Editor in 0.00 ms.
Unloading 2118 Unused Serialized files (Serialized files now loaded: 0)
System memory in use before: 189.7 MB.
System memory in use after: 189.1 MB.

Unloading 34 unused Assets to reduce memory usage. Loaded Objects now: 2571.
Total: 2.713718 ms (FindLiveObjects: 0.213787 ms CreateObjectMapping: 0.086617 ms MarkObjects: 1.969397 ms  DeleteObjects: 0.443006 ms)

AssetImportParameters requested are different than current active one (requested -> active):
  custom:video-decoder-ogg-theora: a1e56fd34408186e4bbccfd4996cb3dc -> 
  custom:container-muxer-webm: aa71ff27fc2769a1b78a27578f13a17b -> 
  custom:container-demuxer-webm: 4f35f7cbe854078d1ac9338744f61a02 -> 
  custom:container-demuxer-ogg: 62fdf1f143b41e24485cea50d1cbac27 -> 
  custom:video-encoder-webm-vp8: eb34c28f22e8b96e1ab97ce403110664 -> 
  custom:framework-osx-AVFoundation: e770b220cccbd017edd2c1fefb359320 -> 
  custom:video-decoder-webm-vp8: 9c59270c3fd7afecdb556c50c9e8de78 -> 
  custom:graphics/normal-map-encoding: 01000000000000000000000000000000 -> 02000000000000000000000000000000
  custom:audio-decoder-ogg-vorbis: bf7c407c2cedff20999df2af8eb42d56 -> 
  custom:audio-encoder-webm-vorbis: bf7c407c2cedff20999df2af8eb42d56 -> 
========================================================================
Received Import Request.
  Time since last request: 75.552712 seconds.
  path: Assets/Scripts/Models/TasksList.cs
  artifactKey: Guid(2d6d9c3bd49c44edba921bc415f307de) Importer(815301076,1909f56bfc062723c751e8b465ee728b)
Start importing Assets/Scripts/Models/TasksList.cs using Guid(2d6d9c3bd49c44edba921bc415f307de) Importer(815301076,1909f56bfc062723c751e8b465ee728b)  -> (artifact id: 'ec79b8af0c3d03f42e1702c9e78aa4ae') in 0.004668 seconds 
  Import took 0.008429 seconds .

========================================================================
Received Import Request.
  Time since last request: 56.689757 seconds.
  path: Assets/Prefabs/UI/Reminder Task.prefab
  artifactKey: Guid(284ca4af329ee4c339444f8894d807f5) Importer(815301076,1909f56bfc062723c751e8b465ee728b)
Start importing Assets/Prefabs/UI/Reminder Task.prefab using Guid(284ca4af329ee4c339444f8894d807f5) Importer(815301076,1909f56bfc062723c751e8b465ee728b)  -> (artifact id: 'e71b3ade3d6402699bf11937eac34d24') in 0.031436 seconds 
  Import took 0.036250 seconds .

========================================================================
Received Import Request.
  Time since last request: 6.536448 seconds.
  path: Assets/Scripts/Models/Task/Task.cs
  artifactKey: Guid(3e1abc17d66e54f7d80d97d4abe96115) Importer(815301076,1909f56bfc062723c751e8b465ee728b)
Start importing Assets/Scripts/Models/Task/Task.cs using Guid(3e1abc17d66e54f7d80d97d4abe96115) Importer(815301076,1909f56bfc062723c751e8b465ee728b)  -> (artifact id: '6b37e0ade615d38e5dad9f1801304b2e') in 0.001747 seconds 
  Import took 0.006085 seconds .

========================================================================
Received Import Request.
  Time since last request: 4.829810 seconds.
  path: Assets/Scripts/Models/Task/ReminderTask.cs
  artifactKey: Guid(3e1abc17d66e54f7d80d97d4abe96115) Importer(815301076,1909f56bfc062723c751e8b465ee728b)
Start importing Assets/Scripts/Models/Task/ReminderTask.cs using Guid(3e1abc17d66e54f7d80d97d4abe96115) Importer(815301076,1909f56bfc062723c751e8b465ee728b)  -> (artifact id: '3ea86ddbed81c5f3458bde063d1fe5aa') in 0.002493 seconds 
  Import took 0.006486 seconds .

========================================================================
Received Prepare
Registering precompiled user dll's ...
Registered in 0.001954 seconds.
Begin MonoManager ReloadAssembly
Native extension for OSXStandalone target not found
Refreshing native plugins compatible for Editor in 0.40 ms, found 3 plugins.
Preloading 0 native plugins for Editor in 0.00 ms.
Mono: successfully reloaded assembly
- Completed reload, in  1.424 seconds
Platform modules already initialized, skipping
Switching build target platform(2) subTarget(0) extendedPlatform(0) -> platform(13) subTarget(537395200) extendedPlatform(0)
Refreshing native plugins compatible for Editor in 0.39 ms, found 3 plugins.
Preloading 0 native plugins for Editor in 0.00 ms.
Unloading 2118 Unused Serialized files (Serialized files now loaded: 0)
System memory in use before: 189.9 MB.
System memory in use after: 189.3 MB.

Unloading 34 unused Assets to reduce memory usage. Loaded Objects now: 2575.
Total: 2.431416 ms (FindLiveObjects: 0.199340 ms CreateObjectMapping: 0.078342 ms MarkObjects: 1.757287 ms  DeleteObjects: 0.395660 ms)

AssetImportParameters requested are different than current active one (requested -> active):
  custom:video-decoder-ogg-theora: a1e56fd34408186e4bbccfd4996cb3dc -> 
  custom:container-muxer-webm: aa71ff27fc2769a1b78a27578f13a17b -> 
  custom:container-demuxer-webm: 4f35f7cbe854078d1ac9338744f61a02 -> 
  custom:container-demuxer-ogg: 62fdf1f143b41e24485cea50d1cbac27 -> 
  custom:video-encoder-webm-vp8: eb34c28f22e8b96e1ab97ce403110664 -> 
  custom:framework-osx-AVFoundation: e770b220cccbd017edd2c1fefb359320 -> 
  custom:video-decoder-webm-vp8: 9c59270c3fd7afecdb556c50c9e8de78 -> 
  custom:graphics/normal-map-encoding: 01000000000000000000000000000000 -> 02000000000000000000000000000000
  custom:audio-decoder-ogg-vorbis: bf7c407c2cedff20999df2af8eb42d56 -> 
  custom:audio-encoder-webm-vorbis: bf7c407c2cedff20999df2af8eb42d56 -> 
========================================================================
Received Import Request.
  Time since last request: 11.716523 seconds.
  path: Assets/Scripts/Models/ReminderTasksList.cs
  artifactKey: Guid(2d6d9c3bd49c44edba921bc415f307de) Importer(815301076,1909f56bfc062723c751e8b465ee728b)
Start importing Assets/Scripts/Models/ReminderTasksList.cs using Guid(2d6d9c3bd49c44edba921bc415f307de) Importer(815301076,1909f56bfc062723c751e8b465ee728b)  -> (artifact id: 'ba6399a06e38e4e0528e5d5fecdc45d9') in 0.007104 seconds 
  Import took 0.011687 seconds .

========================================================================
Received Prepare
Registering precompiled user dll's ...
Registered in 0.001910 seconds.
Begin MonoManager ReloadAssembly
Native extension for OSXStandalone target not found
Refreshing native plugins compatible for Editor in 0.42 ms, found 3 plugins.
Preloading 0 native plugins for Editor in 0.00 ms.
Mono: successfully reloaded assembly
- Completed reload, in  1.377 seconds
Platform modules already initialized, skipping
Switching build target platform(2) subTarget(0) extendedPlatform(0) -> platform(13) subTarget(537395200) extendedPlatform(0)
Refreshing native plugins compatible for Editor in 0.45 ms, found 3 plugins.
Preloading 0 native plugins for Editor in 0.00 ms.
Unloading 2118 Unused Serialized files (Serialized files now loaded: 0)
System memory in use before: 190.1 MB.
System memory in use after: 189.5 MB.

Unloading 34 unused Assets to reduce memory usage. Loaded Objects now: 2579.
Total: 3.137883 ms (FindLiveObjects: 0.243550 ms CreateObjectMapping: 0.145778 ms MarkObjects: 2.280896 ms  DeleteObjects: 0.466216 ms)

AssetImportParameters requested are different than current active one (requested -> active):
  custom:video-decoder-ogg-theora: a1e56fd34408186e4bbccfd4996cb3dc -> 
  custom:container-muxer-webm: aa71ff27fc2769a1b78a27578f13a17b -> 
  custom:container-demuxer-webm: 4f35f7cbe854078d1ac9338744f61a02 -> 
  custom:container-demuxer-ogg: 62fdf1f143b41e24485cea50d1cbac27 -> 
  custom:video-encoder-webm-vp8: eb34c28f22e8b96e1ab97ce403110664 -> 
  custom:framework-osx-AVFoundation: e770b220cccbd017edd2c1fefb359320 -> 
  custom:video-decoder-webm-vp8: 9c59270c3fd7afecdb556c50c9e8de78 -> 
  custom:graphics/normal-map-encoding: 01000000000000000000000000000000 -> 02000000000000000000000000000000
  custom:audio-decoder-ogg-vorbis: bf7c407c2cedff20999df2af8eb42d56 -> 
  custom:audio-encoder-webm-vorbis: bf7c407c2cedff20999df2af8eb42d56 -> 
========================================================================
Received Import Request.
  Time since last request: 52.747487 seconds.
  path: Assets/Scripts/Models/ReminderTasksList.cs
  artifactKey: Guid(2d6d9c3bd49c44edba921bc415f307de) Importer(815301076,1909f56bfc062723c751e8b465ee728b)
Start importing Assets/Scripts/Models/ReminderTasksList.cs using Guid(2d6d9c3bd49c44edba921bc415f307de) Importer(815301076,1909f56bfc062723c751e8b465ee728b)  -> (artifact id: 'f7c7cebcdab3d7cb5dc80ce1334e1519') in 0.005883 seconds 
  Import took 0.009696 seconds .

========================================================================
Received Import Request.
  Time since last request: 71.137551 seconds.
  path: Assets/Scripts/Generic
  artifactKey: Guid(0df2bc17d81db4fc59139e5dd56410a6) Importer(815301076,1909f56bfc062723c751e8b465ee728b)
Start importing Assets/Scripts/Generic using Guid(0df2bc17d81db4fc59139e5dd56410a6) Importer(815301076,1909f56bfc062723c751e8b465ee728b)  -> (artifact id: 'a0a4e5ae7223c7d47b91fb0f90e7b518') in 0.002678 seconds 
  Import took 0.012900 seconds .

========================================================================
Received Import Request.
  Time since last request: 16.734971 seconds.
  path: Assets/Scripts/Generic/CommonBehaviour.cs
  artifactKey: Guid(abde4eb944851474b95a45e304dda994) Importer(815301076,1909f56bfc062723c751e8b465ee728b)
Start importing Assets/Scripts/Generic/CommonBehaviour.cs using Guid(abde4eb944851474b95a45e304dda994) Importer(815301076,1909f56bfc062723c751e8b465ee728b)  -> (artifact id: '75ff5000406ae363349a51126bf15a97') in 0.003573 seconds 
  Import took 0.007839 seconds .

========================================================================
Received Import Request.
  Time since last request: 362.409241 seconds.
  path: Assets/Scripts/Generic/CommonBehaviour.cs
  artifactKey: Guid(abde4eb944851474b95a45e304dda994) Importer(815301076,1909f56bfc062723c751e8b465ee728b)
Start importing Assets/Scripts/Generic/CommonBehaviour.cs using Guid(abde4eb944851474b95a45e304dda994) Importer(815301076,1909f56bfc062723c751e8b465ee728b)  -> (artifact id: 'e0c6c5c8f9fab712c0c6d0f2ea037897') in 0.001956 seconds 
  Import took 0.008048 seconds .

========================================================================
Received Prepare
Registering precompiled user dll's ...
Registered in 0.004752 seconds.
Begin MonoManager ReloadAssembly
Native extension for OSXStandalone target not found
Refreshing native plugins compatible for Editor in 0.44 ms, found 3 plugins.
Preloading 0 native plugins for Editor in 0.00 ms.
Mono: successfully reloaded assembly
- Completed reload, in  1.304 seconds
Platform modules already initialized, skipping
Switching build target platform(2) subTarget(0) extendedPlatform(0) -> platform(13) subTarget(537395200) extendedPlatform(0)
Refreshing native plugins compatible for Editor in 0.57 ms, found 3 plugins.
Preloading 0 native plugins for Editor in 0.00 ms.
Unloading 2119 Unused Serialized files (Serialized files now loaded: 0)
System memory in use before: 190.3 MB.
System memory in use after: 189.7 MB.

Unloading 34 unused Assets to reduce memory usage. Loaded Objects now: 2584.
Total: 2.918037 ms (FindLiveObjects: 0.315169 ms CreateObjectMapping: 0.106338 ms MarkObjects: 2.036999 ms  DeleteObjects: 0.458504 ms)

AssetImportParameters requested are different than current active one (requested -> active):
  custom:video-decoder-ogg-theora: a1e56fd34408186e4bbccfd4996cb3dc -> 
  custom:container-muxer-webm: aa71ff27fc2769a1b78a27578f13a17b -> 
  custom:container-demuxer-webm: 4f35f7cbe854078d1ac9338744f61a02 -> 
  custom:container-demuxer-ogg: 62fdf1f143b41e24485cea50d1cbac27 -> 
  custom:video-encoder-webm-vp8: eb34c28f22e8b96e1ab97ce403110664 -> 
  custom:framework-osx-AVFoundation: e770b220cccbd017edd2c1fefb359320 -> 
  custom:video-decoder-webm-vp8: 9c59270c3fd7afecdb556c50c9e8de78 -> 
  custom:graphics/normal-map-encoding: 01000000000000000000000000000000 -> 02000000000000000000000000000000
  custom:audio-decoder-ogg-vorbis: bf7c407c2cedff20999df2af8eb42d56 -> 
  custom:audio-encoder-webm-vorbis: bf7c407c2cedff20999df2af8eb42d56 -> 
========================================================================
Received Import Request.
  Time since last request: 20.650566 seconds.
  path: Assets/Prefabs/UI/Reminder Task.prefab
  artifactKey: Guid(284ca4af329ee4c339444f8894d807f5) Importer(815301076,1909f56bfc062723c751e8b465ee728b)
Start importing Assets/Prefabs/UI/Reminder Task.prefab using Guid(284ca4af329ee4c339444f8894d807f5) Importer(815301076,1909f56bfc062723c751e8b465ee728b)  -> (artifact id: '7390116b3b9a54722cfb5552a0fd0744') in 0.145901 seconds 
  Import took 0.150492 seconds .

========================================================================
Received Prepare
Registering precompiled user dll's ...
Registered in 0.004303 seconds.
Begin MonoManager ReloadAssembly
Native extension for OSXStandalone target not found
Refreshing native plugins compatible for Editor in 0.41 ms, found 3 plugins.
Preloading 0 native plugins for Editor in 0.00 ms.
Mono: successfully reloaded assembly
- Completed reload, in  1.241 seconds
Platform modules already initialized, skipping
Switching build target platform(2) subTarget(0) extendedPlatform(0) -> platform(13) subTarget(537395200) extendedPlatform(0)
Refreshing native plugins compatible for Editor in 0.45 ms, found 3 plugins.
Preloading 0 native plugins for Editor in 0.00 ms.
Unloading 2119 Unused Serialized files (Serialized files now loaded: 0)
System memory in use before: 190.7 MB.
System memory in use after: 190.1 MB.

Unloading 35 unused Assets to reduce memory usage. Loaded Objects now: 2588.
Total: 2.694221 ms (FindLiveObjects: 0.222726 ms CreateObjectMapping: 0.090101 ms MarkObjects: 1.942436 ms  DeleteObjects: 0.438080 ms)

AssetImportParameters requested are different than current active one (requested -> active):
  custom:video-decoder-ogg-theora: a1e56fd34408186e4bbccfd4996cb3dc -> 
  custom:container-muxer-webm: aa71ff27fc2769a1b78a27578f13a17b -> 
  custom:container-demuxer-webm: 4f35f7cbe854078d1ac9338744f61a02 -> 
  custom:container-demuxer-ogg: 62fdf1f143b41e24485cea50d1cbac27 -> 
  custom:video-encoder-webm-vp8: eb34c28f22e8b96e1ab97ce403110664 -> 
  custom:framework-osx-AVFoundation: e770b220cccbd017edd2c1fefb359320 -> 
  custom:video-decoder-webm-vp8: 9c59270c3fd7afecdb556c50c9e8de78 -> 
  custom:graphics/normal-map-encoding: 01000000000000000000000000000000 -> 02000000000000000000000000000000
  custom:audio-decoder-ogg-vorbis: bf7c407c2cedff20999df2af8eb42d56 -> 
  custom:audio-encoder-webm-vorbis: bf7c407c2cedff20999df2af8eb42d56 -> 
========================================================================
Received Import Request.
  Time since last request: 52.502954 seconds.
  path: Assets/Prefabs/UI/Reminder Task.prefab
  artifactKey: Guid(284ca4af329ee4c339444f8894d807f5) Importer(815301076,1909f56bfc062723c751e8b465ee728b)
Start importing Assets/Prefabs/UI/Reminder Task.prefab using Guid(284ca4af329ee4c339444f8894d807f5) Importer(815301076,1909f56bfc062723c751e8b465ee728b)  -> (artifact id: '061170af80dbeb0cb48496d5768a0c32') in 0.132284 seconds 
  Import took 0.136770 seconds .

========================================================================
Received Prepare
Registering precompiled user dll's ...
Registered in 0.004170 seconds.
Begin MonoManager ReloadAssembly
Native extension for OSXStandalone target not found
Refreshing native plugins compatible for Editor in 0.51 ms, found 3 plugins.
Preloading 0 native plugins for Editor in 0.00 ms.
Mono: successfully reloaded assembly
- Completed reload, in  1.249 seconds
Platform modules already initialized, skipping
Switching build target platform(2) subTarget(0) extendedPlatform(0) -> platform(13) subTarget(537395200) extendedPlatform(0)
Refreshing native plugins compatible for Editor in 0.50 ms, found 3 plugins.
Preloading 0 native plugins for Editor in 0.00 ms.
Unloading 2119 Unused Serialized files (Serialized files now loaded: 0)
System memory in use before: 191.0 MB.
System memory in use after: 190.3 MB.

Unloading 35 unused Assets to reduce memory usage. Loaded Objects now: 2592.
Total: 3.346601 ms (FindLiveObjects: 0.235289 ms CreateObjectMapping: 0.092947 ms MarkObjects: 2.457579 ms  DeleteObjects: 0.559876 ms)

AssetImportParameters requested are different than current active one (requested -> active):
  custom:video-decoder-ogg-theora: a1e56fd34408186e4bbccfd4996cb3dc -> 
  custom:container-muxer-webm: aa71ff27fc2769a1b78a27578f13a17b -> 
  custom:container-demuxer-webm: 4f35f7cbe854078d1ac9338744f61a02 -> 
  custom:container-demuxer-ogg: 62fdf1f143b41e24485cea50d1cbac27 -> 
  custom:video-encoder-webm-vp8: eb34c28f22e8b96e1ab97ce403110664 -> 
  custom:framework-osx-AVFoundation: e770b220cccbd017edd2c1fefb359320 -> 
  custom:video-decoder-webm-vp8: 9c59270c3fd7afecdb556c50c9e8de78 -> 
  custom:graphics/normal-map-encoding: 01000000000000000000000000000000 -> 02000000000000000000000000000000
  custom:audio-decoder-ogg-vorbis: bf7c407c2cedff20999df2af8eb42d56 -> 
  custom:audio-encoder-webm-vorbis: bf7c407c2cedff20999df2af8eb42d56 -> 
========================================================================
Received Import Request.
  Time since last request: 123.387886 seconds.
  path: Assets/Prefabs/UI/Reminder Task.prefab
  artifactKey: Guid(284ca4af329ee4c339444f8894d807f5) Importer(815301076,1909f56bfc062723c751e8b465ee728b)
Start importing Assets/Prefabs/UI/Reminder Task.prefab using Guid(284ca4af329ee4c339444f8894d807f5) Importer(815301076,1909f56bfc062723c751e8b465ee728b)  -> (artifact id: '149f139233d8e7b13490cc2f79b77e9a') in 0.112587 seconds 
  Import took 0.116051 seconds .

========================================================================
Received Prepare
Registering precompiled user dll's ...
Registered in 0.005027 seconds.
Begin MonoManager ReloadAssembly
Native extension for OSXStandalone target not found
Refreshing native plugins compatible for Editor in 0.40 ms, found 3 plugins.
Preloading 0 native plugins for Editor in 0.00 ms.
Mono: successfully reloaded assembly
- Completed reload, in  1.183 seconds
Platform modules already initialized, skipping
Switching build target platform(2) subTarget(0) extendedPlatform(0) -> platform(13) subTarget(537395200) extendedPlatform(0)
Refreshing native plugins compatible for Editor in 0.48 ms, found 3 plugins.
Preloading 0 native plugins for Editor in 0.00 ms.
Unloading 2119 Unused Serialized files (Serialized files now loaded: 0)
System memory in use before: 191.2 MB.
System memory in use after: 190.5 MB.

Unloading 35 unused Assets to reduce memory usage. Loaded Objects now: 2596.
Total: 2.708841 ms (FindLiveObjects: 0.204019 ms CreateObjectMapping: 0.083249 ms MarkObjects: 1.968659 ms  DeleteObjects: 0.452020 ms)

AssetImportParameters requested are different than current active one (requested -> active):
  custom:video-decoder-ogg-theora: a1e56fd34408186e4bbccfd4996cb3dc -> 
  custom:container-muxer-webm: aa71ff27fc2769a1b78a27578f13a17b -> 
  custom:container-demuxer-webm: 4f35f7cbe854078d1ac9338744f61a02 -> 
  custom:container-demuxer-ogg: 62fdf1f143b41e24485cea50d1cbac27 -> 
  custom:video-encoder-webm-vp8: eb34c28f22e8b96e1ab97ce403110664 -> 
  custom:framework-osx-AVFoundation: e770b220cccbd017edd2c1fefb359320 -> 
  custom:video-decoder-webm-vp8: 9c59270c3fd7afecdb556c50c9e8de78 -> 
  custom:graphics/normal-map-encoding: 01000000000000000000000000000000 -> 02000000000000000000000000000000
  custom:audio-decoder-ogg-vorbis: bf7c407c2cedff20999df2af8eb42d56 -> 
  custom:audio-encoder-webm-vorbis: bf7c407c2cedff20999df2af8eb42d56 -> 
========================================================================
Received Import Request.
  Time since last request: 19.710416 seconds.
  path: Assets/Prefabs/UI/Reminder Task.prefab
  artifactKey: Guid(284ca4af329ee4c339444f8894d807f5) Importer(815301076,1909f56bfc062723c751e8b465ee728b)
Start importing Assets/Prefabs/UI/Reminder Task.prefab using Guid(284ca4af329ee4c339444f8894d807f5) Importer(815301076,1909f56bfc062723c751e8b465ee728b)  -> (artifact id: '884d0ba25cd2e7747936d7d16dd8ea44') in 0.131694 seconds 
  Import took 0.135748 seconds .

========================================================================
Received Prepare
Registering precompiled user dll's ...
Registered in 0.004466 seconds.
Begin MonoManager ReloadAssembly
Native extension for OSXStandalone target not found
Refreshing native plugins compatible for Editor in 0.45 ms, found 3 plugins.
Preloading 0 native plugins for Editor in 0.00 ms.
Mono: successfully reloaded assembly
- Completed reload, in  1.208 seconds
Platform modules already initialized, skipping
Switching build target platform(2) subTarget(0) extendedPlatform(0) -> platform(13) subTarget(537395200) extendedPlatform(0)
Refreshing native plugins compatible for Editor in 0.47 ms, found 3 plugins.
Preloading 0 native plugins for Editor in 0.00 ms.
Unloading 2119 Unused Serialized files (Serialized files now loaded: 0)
System memory in use before: 191.4 MB.
System memory in use after: 190.8 MB.

Unloading 35 unused Assets to reduce memory usage. Loaded Objects now: 2600.
Total: 2.679896 ms (FindLiveObjects: 0.230702 ms CreateObjectMapping: 0.094218 ms MarkObjects: 1.914416 ms  DeleteObjects: 0.439673 ms)

AssetImportParameters requested are different than current active one (requested -> active):
  custom:video-decoder-ogg-theora: a1e56fd34408186e4bbccfd4996cb3dc -> 
  custom:container-muxer-webm: aa71ff27fc2769a1b78a27578f13a17b -> 
  custom:container-demuxer-webm: 4f35f7cbe854078d1ac9338744f61a02 -> 
  custom:container-demuxer-ogg: 62fdf1f143b41e24485cea50d1cbac27 -> 
  custom:video-encoder-webm-vp8: eb34c28f22e8b96e1ab97ce403110664 -> 
  custom:framework-osx-AVFoundation: e770b220cccbd017edd2c1fefb359320 -> 
  custom:video-decoder-webm-vp8: 9c59270c3fd7afecdb556c50c9e8de78 -> 
  custom:graphics/normal-map-encoding: 01000000000000000000000000000000 -> 02000000000000000000000000000000
  custom:audio-decoder-ogg-vorbis: bf7c407c2cedff20999df2af8eb42d56 -> 
  custom:audio-encoder-webm-vorbis: bf7c407c2cedff20999df2af8eb42d56 -> 
========================================================================
Received Import Request.
  Time since last request: 72.055570 seconds.
  path: Assets/Prefabs/UI/Reminder Task.prefab
  artifactKey: Guid(284ca4af329ee4c339444f8894d807f5) Importer(815301076,1909f56bfc062723c751e8b465ee728b)
Start importing Assets/Prefabs/UI/Reminder Task.prefab using Guid(284ca4af329ee4c339444f8894d807f5) Importer(815301076,1909f56bfc062723c751e8b465ee728b)  -> (artifact id: '40cda5e6d38ffa917914754c8fd34103') in 0.103382 seconds 
  Import took 0.107022 seconds .

========================================================================
Received Prepare
Registering precompiled user dll's ...
Registered in 0.004109 seconds.
Begin MonoManager ReloadAssembly
Native extension for OSXStandalone target not found
Refreshing native plugins compatible for Editor in 0.73 ms, found 3 plugins.
Preloading 0 native plugins for Editor in 0.00 ms.
Mono: successfully reloaded assembly
- Completed reload, in  1.401 seconds
Platform modules already initialized, skipping
Switching build target platform(2) subTarget(0) extendedPlatform(0) -> platform(13) subTarget(537395200) extendedPlatform(0)
Refreshing native plugins compatible for Editor in 0.49 ms, found 3 plugins.
Preloading 0 native plugins for Editor in 0.00 ms.
Unloading 2119 Unused Serialized files (Serialized files now loaded: 0)
System memory in use before: 191.6 MB.
System memory in use after: 191.0 MB.

Unloading 35 unused Assets to reduce memory usage. Loaded Objects now: 2604.
Total: 3.003955 ms (FindLiveObjects: 0.249006 ms CreateObjectMapping: 0.103782 ms MarkObjects: 2.159681 ms  DeleteObjects: 0.489657 ms)

AssetImportParameters requested are different than current active one (requested -> active):
  custom:video-decoder-ogg-theora: a1e56fd34408186e4bbccfd4996cb3dc -> 
  custom:container-muxer-webm: aa71ff27fc2769a1b78a27578f13a17b -> 
  custom:container-demuxer-webm: 4f35f7cbe854078d1ac9338744f61a02 -> 
  custom:container-demuxer-ogg: 62fdf1f143b41e24485cea50d1cbac27 -> 
  custom:video-encoder-webm-vp8: eb34c28f22e8b96e1ab97ce403110664 -> 
  custom:framework-osx-AVFoundation: e770b220cccbd017edd2c1fefb359320 -> 
  custom:video-decoder-webm-vp8: 9c59270c3fd7afecdb556c50c9e8de78 -> 
  custom:graphics/normal-map-encoding: 01000000000000000000000000000000 -> 02000000000000000000000000000000
  custom:audio-decoder-ogg-vorbis: bf7c407c2cedff20999df2af8eb42d56 -> 
  custom:audio-encoder-webm-vorbis: bf7c407c2cedff20999df2af8eb42d56 -> 
========================================================================
Received Prepare
Registering precompiled user dll's ...
Registered in 0.001959 seconds.
Begin MonoManager ReloadAssembly
Native extension for OSXStandalone target not found
Refreshing native plugins compatible for Editor in 0.41 ms, found 3 plugins.
Preloading 0 native plugins for Editor in 0.00 ms.
Mono: successfully reloaded assembly
- Completed reload, in  1.432 seconds
Platform modules already initialized, skipping
Switching build target platform(2) subTarget(0) extendedPlatform(0) -> platform(13) subTarget(537395200) extendedPlatform(0)
Refreshing native plugins compatible for Editor in 0.42 ms, found 3 plugins.
Preloading 0 native plugins for Editor in 0.00 ms.
Unloading 2119 Unused Serialized files (Serialized files now loaded: 0)
System memory in use before: 191.8 MB.
System memory in use after: 191.2 MB.

Unloading 34 unused Assets to reduce memory usage. Loaded Objects now: 2608.
Total: 2.724421 ms (FindLiveObjects: 0.222674 ms CreateObjectMapping: 0.103037 ms MarkObjects: 1.946994 ms  DeleteObjects: 0.450778 ms)

AssetImportParameters requested are different than current active one (requested -> active):
  custom:video-decoder-ogg-theora: a1e56fd34408186e4bbccfd4996cb3dc -> 
  custom:container-muxer-webm: aa71ff27fc2769a1b78a27578f13a17b -> 
  custom:container-demuxer-webm: 4f35f7cbe854078d1ac9338744f61a02 -> 
  custom:container-demuxer-ogg: 62fdf1f143b41e24485cea50d1cbac27 -> 
  custom:video-encoder-webm-vp8: eb34c28f22e8b96e1ab97ce403110664 -> 
  custom:framework-osx-AVFoundation: e770b220cccbd017edd2c1fefb359320 -> 
  custom:video-decoder-webm-vp8: 9c59270c3fd7afecdb556c50c9e8de78 -> 
  custom:graphics/normal-map-encoding: 01000000000000000000000000000000 -> 02000000000000000000000000000000
  custom:audio-decoder-ogg-vorbis: bf7c407c2cedff20999df2af8eb42d56 -> 
  custom:audio-encoder-webm-vorbis: bf7c407c2cedff20999df2af8eb42d56 -> 
========================================================================
Received Prepare
Registering precompiled user dll's ...
Registered in 0.002167 seconds.
Begin MonoManager ReloadAssembly
Native extension for OSXStandalone target not found
Refreshing native plugins compatible for Editor in 0.40 ms, found 3 plugins.
Preloading 0 native plugins for Editor in 0.00 ms.
Mono: successfully reloaded assembly
- Completed reload, in  1.240 seconds
Platform modules already initialized, skipping
Switching build target platform(2) subTarget(0) extendedPlatform(0) -> platform(13) subTarget(537395200) extendedPlatform(0)
Refreshing native plugins compatible for Editor in 0.38 ms, found 3 plugins.
Preloading 0 native plugins for Editor in 0.00 ms.
Unloading 2119 Unused Serialized files (Serialized files now loaded: 0)
System memory in use before: 192.0 MB.
System memory in use after: 191.4 MB.

Unloading 34 unused Assets to reduce memory usage. Loaded Objects now: 2612.
Total: 2.402077 ms (FindLiveObjects: 0.199371 ms CreateObjectMapping: 0.076165 ms MarkObjects: 1.735176 ms  DeleteObjects: 0.390667 ms)

AssetImportParameters requested are different than current active one (requested -> active):
  custom:video-decoder-ogg-theora: a1e56fd34408186e4bbccfd4996cb3dc -> 
  custom:container-muxer-webm: aa71ff27fc2769a1b78a27578f13a17b -> 
  custom:container-demuxer-webm: 4f35f7cbe854078d1ac9338744f61a02 -> 
  custom:container-demuxer-ogg: 62fdf1f143b41e24485cea50d1cbac27 -> 
  custom:video-encoder-webm-vp8: eb34c28f22e8b96e1ab97ce403110664 -> 
  custom:framework-osx-AVFoundation: e770b220cccbd017edd2c1fefb359320 -> 
  custom:video-decoder-webm-vp8: 9c59270c3fd7afecdb556c50c9e8de78 -> 
  custom:graphics/normal-map-encoding: 01000000000000000000000000000000 -> 02000000000000000000000000000000
  custom:audio-decoder-ogg-vorbis: bf7c407c2cedff20999df2af8eb42d56 -> 
  custom:audio-encoder-webm-vorbis: bf7c407c2cedff20999df2af8eb42d56 -> 
========================================================================
Received Prepare
Registering precompiled user dll's ...
Registered in 0.002109 seconds.
Begin MonoManager ReloadAssembly
Native extension for OSXStandalone target not found
Refreshing native plugins compatible for Editor in 0.43 ms, found 3 plugins.
Preloading 0 native plugins for Editor in 0.00 ms.
Mono: successfully reloaded assembly
- Completed reload, in  1.497 seconds
Platform modules already initialized, skipping
Switching build target platform(2) subTarget(0) extendedPlatform(0) -> platform(13) subTarget(537395200) extendedPlatform(0)
Refreshing native plugins compatible for Editor in 0.45 ms, found 3 plugins.
Preloading 0 native plugins for Editor in 0.00 ms.
Unloading 2119 Unused Serialized files (Serialized files now loaded: 0)
System memory in use before: 192.2 MB.
System memory in use after: 191.6 MB.

Unloading 34 unused Assets to reduce memory usage. Loaded Objects now: 2616.
Total: 2.843081 ms (FindLiveObjects: 0.239548 ms CreateObjectMapping: 0.087928 ms MarkObjects: 2.051075 ms  DeleteObjects: 0.463596 ms)

AssetImportParameters requested are different than current active one (requested -> active):
  custom:video-decoder-ogg-theora: a1e56fd34408186e4bbccfd4996cb3dc -> 
  custom:container-muxer-webm: aa71ff27fc2769a1b78a27578f13a17b -> 
  custom:container-demuxer-webm: 4f35f7cbe854078d1ac9338744f61a02 -> 
  custom:container-demuxer-ogg: 62fdf1f143b41e24485cea50d1cbac27 -> 
  custom:video-encoder-webm-vp8: eb34c28f22e8b96e1ab97ce403110664 -> 
  custom:framework-osx-AVFoundation: e770b220cccbd017edd2c1fefb359320 -> 
  custom:video-decoder-webm-vp8: 9c59270c3fd7afecdb556c50c9e8de78 -> 
  custom:graphics/normal-map-encoding: 01000000000000000000000000000000 -> 02000000000000000000000000000000
  custom:audio-decoder-ogg-vorbis: bf7c407c2cedff20999df2af8eb42d56 -> 
  custom:audio-encoder-webm-vorbis: bf7c407c2cedff20999df2af8eb42d56 -> 
========================================================================
Received Import Request.
  Time since last request: 188.769106 seconds.
  path: Assets/Scripts/Models/ReminderTasksList.cs
  artifactKey: Guid(2d6d9c3bd49c44edba921bc415f307de) Importer(815301076,1909f56bfc062723c751e8b465ee728b)
Start importing Assets/Scripts/Models/ReminderTasksList.cs using Guid(2d6d9c3bd49c44edba921bc415f307de) Importer(815301076,1909f56bfc062723c751e8b465ee728b)  -> (artifact id: '97941832a47d80494c888728a294fc03') in 0.004885 seconds 
  Import took 0.009501 seconds .

========================================================================
Received Import Request.
  Time since last request: 0.000632 seconds.
  path: Assets/Scripts/Models/ReminderTasksList.cs
  artifactKey: Guid(2d6d9c3bd49c44edba921bc415f307de) Importer(815301076,1909f56bfc062723c751e8b465ee728b)
Start importing Assets/Scripts/Models/ReminderTasksList.cs using Guid(2d6d9c3bd49c44edba921bc415f307de) Importer(815301076,1909f56bfc062723c751e8b465ee728b)  -> (artifact id: '97941832a47d80494c888728a294fc03') in 0.001771 seconds 
  Import took 0.006174 seconds .

========================================================================
Received Prepare
Registering precompiled user dll's ...
Registered in 0.003341 seconds.
Begin MonoManager ReloadAssembly
Native extension for OSXStandalone target not found
Refreshing native plugins compatible for Editor in 0.40 ms, found 3 plugins.
Preloading 0 native plugins for Editor in 0.00 ms.
Mono: successfully reloaded assembly
- Completed reload, in  1.293 seconds
Platform modules already initialized, skipping
Switching build target platform(2) subTarget(0) extendedPlatform(0) -> platform(13) subTarget(537395200) extendedPlatform(0)
Refreshing native plugins compatible for Editor in 0.45 ms, found 3 plugins.
Preloading 0 native plugins for Editor in 0.00 ms.
Unloading 2119 Unused Serialized files (Serialized files now loaded: 0)
System memory in use before: 192.4 MB.
System memory in use after: 191.8 MB.

Unloading 34 unused Assets to reduce memory usage. Loaded Objects now: 2620.
Total: 3.110971 ms (FindLiveObjects: 0.281498 ms CreateObjectMapping: 0.114022 ms MarkObjects: 2.210492 ms  DeleteObjects: 0.503660 ms)

AssetImportParameters requested are different than current active one (requested -> active):
  custom:video-decoder-ogg-theora: a1e56fd34408186e4bbccfd4996cb3dc -> 
  custom:container-muxer-webm: aa71ff27fc2769a1b78a27578f13a17b -> 
  custom:container-demuxer-webm: 4f35f7cbe854078d1ac9338744f61a02 -> 
  custom:container-demuxer-ogg: 62fdf1f143b41e24485cea50d1cbac27 -> 
  custom:video-encoder-webm-vp8: eb34c28f22e8b96e1ab97ce403110664 -> 
  custom:framework-osx-AVFoundation: e770b220cccbd017edd2c1fefb359320 -> 
  custom:video-decoder-webm-vp8: 9c59270c3fd7afecdb556c50c9e8de78 -> 
  custom:graphics/normal-map-encoding: 01000000000000000000000000000000 -> 02000000000000000000000000000000
  custom:audio-decoder-ogg-vorbis: bf7c407c2cedff20999df2af8eb42d56 -> 
  custom:audio-encoder-webm-vorbis: bf7c407c2cedff20999df2af8eb42d56 -> 
========================================================================
Received Prepare
Registering precompiled user dll's ...
Registered in 0.004572 seconds.
Begin MonoManager ReloadAssembly
Native extension for OSXStandalone target not found
Refreshing native plugins compatible for Editor in 0.40 ms, found 3 plugins.
Preloading 0 native plugins for Editor in 0.00 ms.
Mono: successfully reloaded assembly
- Completed reload, in  1.249 seconds
Platform modules already initialized, skipping
Switching build target platform(2) subTarget(0) extendedPlatform(0) -> platform(13) subTarget(537395200) extendedPlatform(0)
Refreshing native plugins compatible for Editor in 0.41 ms, found 3 plugins.
Preloading 0 native plugins for Editor in 0.00 ms.
Unloading 2119 Unused Serialized files (Serialized files now loaded: 0)
System memory in use before: 192.6 MB.
System memory in use after: 192.0 MB.

Unloading 34 unused Assets to reduce memory usage. Loaded Objects now: 2624.
Total: 2.284196 ms (FindLiveObjects: 0.258563 ms CreateObjectMapping: 0.085136 ms MarkObjects: 1.581277 ms  DeleteObjects: 0.358480 ms)

AssetImportParameters requested are different than current active one (requested -> active):
  custom:video-decoder-ogg-theora: a1e56fd34408186e4bbccfd4996cb3dc -> 
  custom:container-muxer-webm: aa71ff27fc2769a1b78a27578f13a17b -> 
  custom:container-demuxer-webm: 4f35f7cbe854078d1ac9338744f61a02 -> 
  custom:container-demuxer-ogg: 62fdf1f143b41e24485cea50d1cbac27 -> 
  custom:video-encoder-webm-vp8: eb34c28f22e8b96e1ab97ce403110664 -> 
  custom:framework-osx-AVFoundation: e770b220cccbd017edd2c1fefb359320 -> 
  custom:video-decoder-webm-vp8: 9c59270c3fd7afecdb556c50c9e8de78 -> 
  custom:graphics/normal-map-encoding: 01000000000000000000000000000000 -> 02000000000000000000000000000000
  custom:audio-decoder-ogg-vorbis: bf7c407c2cedff20999df2af8eb42d56 -> 
  custom:audio-encoder-webm-vorbis: bf7c407c2cedff20999df2af8eb42d56 -> 
========================================================================
Received Import Request.
  Time since last request: 19.811764 seconds.
  path: Assets/Scripts/Tasks
  artifactKey: Guid(540af78ff2db947769fba7917abae0b8) Importer(815301076,1909f56bfc062723c751e8b465ee728b)
Start importing Assets/Scripts/Tasks using Guid(540af78ff2db947769fba7917abae0b8) Importer(815301076,1909f56bfc062723c751e8b465ee728b)  -> (artifact id: '30e8eceaea17211cb51242a69e1964e6') in 0.005237 seconds 
  Import took 0.010147 seconds .

========================================================================
Received Prepare
Registering precompiled user dll's ...
Registered in 0.002084 seconds.
Begin MonoManager ReloadAssembly
Native extension for OSXStandalone target not found
Refreshing native plugins compatible for Editor in 0.42 ms, found 3 plugins.
Preloading 0 native plugins for Editor in 0.00 ms.
Mono: successfully reloaded assembly
- Completed reload, in  1.264 seconds
Platform modules already initialized, skipping
Switching build target platform(2) subTarget(0) extendedPlatform(0) -> platform(13) subTarget(537395200) extendedPlatform(0)
Refreshing native plugins compatible for Editor in 0.39 ms, found 3 plugins.
Preloading 0 native plugins for Editor in 0.00 ms.
Unloading 2119 Unused Serialized files (Serialized files now loaded: 0)
System memory in use before: 192.8 MB.
System memory in use after: 192.1 MB.

Unloading 34 unused Assets to reduce memory usage. Loaded Objects now: 2628.
Total: 2.449938 ms (FindLiveObjects: 0.182192 ms CreateObjectMapping: 0.067857 ms MarkObjects: 1.795929 ms  DeleteObjects: 0.403178 ms)

AssetImportParameters requested are different than current active one (requested -> active):
  custom:video-decoder-ogg-theora: a1e56fd34408186e4bbccfd4996cb3dc -> 
  custom:container-muxer-webm: aa71ff27fc2769a1b78a27578f13a17b -> 
  custom:container-demuxer-webm: 4f35f7cbe854078d1ac9338744f61a02 -> 
  custom:container-demuxer-ogg: 62fdf1f143b41e24485cea50d1cbac27 -> 
  custom:video-encoder-webm-vp8: eb34c28f22e8b96e1ab97ce403110664 -> 
  custom:framework-osx-AVFoundation: e770b220cccbd017edd2c1fefb359320 -> 
  custom:video-decoder-webm-vp8: 9c59270c3fd7afecdb556c50c9e8de78 -> 
  custom:graphics/normal-map-encoding: 01000000000000000000000000000000 -> 02000000000000000000000000000000
  custom:audio-decoder-ogg-vorbis: bf7c407c2cedff20999df2af8eb42d56 -> 
  custom:audio-encoder-webm-vorbis: bf7c407c2cedff20999df2af8eb42d56 -> 
